Build started 24.11.2015 17:00:31.
     1>Project "Z:\MrGlass2\MrGlass2\MrGlass2\MrGlass2.vcxproj" on node 2 (Build target(s)).
     1>ClCompile:
         C:\Program Files (x86)\Microsoft Visual Studio 14.0\VC\bin\CL.exe /c /I"Z:\MrGlass2\SFML-32\SFML-2.3.2\include" /ZI /nologo /W3 /WX- /sdl /Od /Oy- /D _MBCS /Gm /EHsc /RTC1 /MDd /GS /fp:precise /Zc:wchar_t /Zc:forScope /Zc:inline /Fo"Debug\\" /Fd"Debug\vc140.pdb" /Gd /TP /analyze- /errorReport:prompt character.cpp Level1.cpp main.cpp Menu.cpp
         Menu.cpp
         main.cpp
     1>z:\mrglass2\mrglass2\mrglass2\main.cpp(17): warning C4244: 'argument': conversion from 'unsigned int' to 'float', possible loss of data
     1>z:\mrglass2\mrglass2\mrglass2\main.cpp(18): warning C4244: 'argument': conversion from 'unsigned int' to 'float', possible loss of data
         Level1.cpp
         character.cpp
         Generating Code...
       Link:
         C:\Program Files (x86)\Microsoft Visual Studio 14.0\VC\bin\link.exe /ERRORREPORT:PROMPT /OUT:"Z:\MrGlass2\MrGlass2\Debug\MrGlass2.exe" /INCREMENTAL /NOLOGO /LIBPATH:"Z:\MrGlass2\SFML-32\SFML-2.3.2\lib" "sfml-graphics-d.lib" "sfml-window-d.lib" "sfml-system-d.lib" kernel32.lib user32.lib gdi32.lib winspool.lib comdlg32.lib advapi32.lib shell32.lib ole32.lib oleaut32.lib uuid.lib odbc32.lib odbccp32.lib kernel32.lib user32.lib gdi32.lib winspool.lib comdlg32.lib advapi32.lib shell32.lib ole32.lib oleaut32.lib uuid.lib odbc32.lib odbccp32.lib /MANIFEST /MANIFESTUAC:"level='asInvoker' uiAccess='false'" /manifest:embed /Debug /PDB:"Z:\MrGlass2\MrGlass2\Debug\MrGlass2.pdb" /TLBID:1 /DYNAMICBASE /NXCOMPAT /IMPLIB:"Z:\MrGlass2\MrGlass2\Debug\MrGlass2.lib" /MACHINE:X86 Debug\character.obj
         Debug\Level1.obj
         Debug\main.obj
         Debug\Menu.obj
         LINK : Z:\MrGlass2\MrGlass2\Debug\MrGlass2.exe not found or not built by the last incremental link; performing full link
         MrGlass2.vcxproj -> Z:\MrGlass2\MrGlass2\Debug\MrGlass2.exe
     1>Done Building Project "Z:\MrGlass2\MrGlass2\MrGlass2\MrGlass2.vcxproj" (Build target(s)).

Build succeeded.

Time Elapsed 00:00:09.87
